{"C:\\Users\\user\\Desktop\\homework3\\homework3\\src\\controllers\\resumes.controller.js": {"path":"C:\\Users\\user\\Desktop\\homework3\\homework3\\src\\controllers\\resumes.controller.js","statementMap":{"0":{"start":{"line":4,"column":8},"end":{"line":4,"column":45}},"1":{"start":{"line":7,"column":17},"end":{"line":16,"column":5}},"2":{"start":{"line":8,"column":8},"end":{"line":14,"column":9}},"3":{"start":{"line":9,"column":28},"end":{"line":9,"column":70}},"4":{"start":{"line":11,"column":12},"end":{"line":11,"column":59}},"5":{"start":{"line":13,"column":12},"end":{"line":13,"column":22}},"6":{"start":{"line":19,"column":21},"end":{"line":28,"column":5}},"7":{"start":{"line":20,"column":8},"end":{"line":27,"column":9}},"8":{"start":{"line":21,"column":33},"end":{"line":21,"column":43}},"9":{"start":{"line":22,"column":23},"end":{"line":22,"column":73}},"10":{"start":{"line":23,"column":8},"end":{"line":23,"column":54}},"11":{"start":{"line":26,"column":12},"end":{"line":26,"column":22}},"12":{"start":{"line":31,"column":19},"end":{"line":44,"column":5}},"13":{"start":{"line":32,"column":8},"end":{"line":43,"column":9}},"14":{"start":{"line":33,"column":39},"end":{"line":33,"column":47}},"15":{"start":{"line":35,"column":34},"end":{"line":39,"column":9}},"16":{"start":{"line":40,"column":12},"end":{"line":40,"column":65}},"17":{"start":{"line":42,"column":12},"end":{"line":42,"column":22}},"18":{"start":{"line":48,"column":19},"end":{"line":60,"column":1}},"19":{"start":{"line":49,"column":4},"end":{"line":59,"column":5}},"20":{"start":{"line":50,"column":28},"end":{"line":50,"column":36}},"21":{"start":{"line":51,"column":27},"end":{"line":51,"column":35}},"22":{"start":{"line":52,"column":29},"end":{"line":52,"column":39}},"23":{"start":{"line":54,"column":8},"end":{"line":54,"column":73}},"24":{"start":{"line":56,"column":8},"end":{"line":56,"column":69}},"25":{"start":{"line":58,"column":8},"end":{"line":58,"column":18}},"26":{"start":{"line":62,"column":19},"end":{"line":75,"column":5}},"27":{"start":{"line":63,"column":8},"end":{"line":74,"column":9}},"28":{"start":{"line":64,"column":33},"end":{"line":64,"column":43}},"29":{"start":{"line":68,"column":34},"end":{"line":68,"column":82}},"30":{"start":{"line":70,"column":12},"end":{"line":70,"column":65}},"31":{"start":{"line":73,"column":12},"end":{"line":73,"column":22}},"32":{"start":{"line":79,"column":20},"end":{"line":93,"column":5}},"33":{"start":{"line":80,"column":8},"end":{"line":92,"column":9}},"34":{"start":{"line":81,"column":43},"end":{"line":81,"column":51}},"35":{"start":{"line":83,"column":12},"end":{"line":85,"column":13}},"36":{"start":{"line":84,"column":16},"end":{"line":84,"column":84}},"37":{"start":{"line":87,"column":28},"end":{"line":87,"column":69}},"38":{"start":{"line":89,"column":12},"end":{"line":89,"column":59}},"39":{"start":{"line":91,"column":12},"end":{"line":91,"column":21}},"40":{"start":{"line":97,"column":24},"end":{"line":113,"column":5}},"41":{"start":{"line":98,"column":8},"end":{"line":112,"column":9}},"42":{"start":{"line":99,"column":35},"end":{"line":99,"column":43}},"43":{"start":{"line":100,"column":33},"end":{"line":100,"column":43}},"44":{"start":{"line":101,"column":32},"end":{"line":101,"column":40}},"45":{"start":{"line":103,"column":12},"end":{"line":105,"column":13}},"46":{"start":{"line":104,"column":16},"end":{"line":104,"column":80}},"47":{"start":{"line":107,"column":12},"end":{"line":107,"column":79}},"48":{"start":{"line":109,"column":12},"end":{"line":109,"column":74}},"49":{"start":{"line":111,"column":12},"end":{"line":111,"column":22}},"50":{"start":{"line":116,"column":24},"end":{"line":131,"column":5}},"51":{"start":{"line":117,"column":8},"end":{"line":130,"column":9}},"52":{"start":{"line":118,"column":35},"end":{"line":118,"column":43}},"53":{"start":{"line":119,"column":33},"end":{"line":119,"column":43}},"54":{"start":{"line":121,"column":12},"end":{"line":123,"column":13}},"55":{"start":{"line":122,"column":16},"end":{"line":122,"column":80}},"56":{"start":{"line":125,"column":12},"end":{"line":125,"column":66}},"57":{"start":{"line":127,"column":12},"end":{"line":127,"column":69}},"58":{"start":{"line":129,"column":12},"end":{"line":129,"column":22}}},"fnMap":{"0":{"name":"(anonymous_0)","decl":{"start":{"line":3,"column":4},"end":{"line":3,"column":5}},"loc":{"start":{"line":3,"column":31},"end":{"line":5,"column":5}},"line":3},"1":{"name":"(anonymous_1)","decl":{"start":{"line":7,"column":17},"end":{"line":7,"column":18}},"loc":{"start":{"line":7,"column":43},"end":{"line":16,"column":5}},"line":7},"2":{"name":"(anonymous_2)","decl":{"start":{"line":19,"column":21},"end":{"line":19,"column":22}},"loc":{"start":{"line":19,"column":47},"end":{"line":28,"column":5}},"line":19},"3":{"name":"(anonymous_3)","decl":{"start":{"line":31,"column":19},"end":{"line":31,"column":20}},"loc":{"start":{"line":31,"column":42},"end":{"line":44,"column":5}},"line":31},"4":{"name":"(anonymous_4)","decl":{"start":{"line":48,"column":19},"end":{"line":48,"column":20}},"loc":{"start":{"line":48,"column":45},"end":{"line":60,"column":1}},"line":48},"5":{"name":"(anonymous_5)","decl":{"start":{"line":62,"column":19},"end":{"line":62,"column":20}},"loc":{"start":{"line":62,"column":45},"end":{"line":75,"column":5}},"line":62},"6":{"name":"(anonymous_6)","decl":{"start":{"line":79,"column":20},"end":{"line":79,"column":21}},"loc":{"start":{"line":79,"column":46},"end":{"line":93,"column":5}},"line":79},"7":{"name":"(anonymous_7)","decl":{"start":{"line":97,"column":24},"end":{"line":97,"column":25}},"loc":{"start":{"line":97,"column":50},"end":{"line":113,"column":5}},"line":97},"8":{"name":"(anonymous_8)","decl":{"start":{"line":116,"column":24},"end":{"line":116,"column":25}},"loc":{"start":{"line":116,"column":50},"end":{"line":131,"column":5}},"line":116}},"branchMap":{"0":{"loc":{"start":{"line":83,"column":12},"end":{"line":85,"column":13}},"type":"if","locations":[{"start":{"line":83,"column":12},"end":{"line":85,"column":13}},{"start":{},"end":{}}],"line":83},"1":{"loc":{"start":{"line":103,"column":12},"end":{"line":105,"column":13}},"type":"if","locations":[{"start":{"line":103,"column":12},"end":{"line":105,"column":13}},{"start":{},"end":{}}],"line":103},"2":{"loc":{"start":{"line":121,"column":12},"end":{"line":123,"column":13}},"type":"if","locations":[{"start":{"line":121,"column":12},"end":{"line":123,"column":13}},{"start":{},"end":{}}],"line":121}},"s":{"0":1,"1":1,"2":1,"3":1,"4":1,"5":0,"6":1,"7":1,"8":1,"9":1,"10":1,"11":0,"12":1,"13":1,"14":1,"15":1,"16":0,"17":1,"18":1,"19":1,"20":1,"21":1,"22":1,"23":1,"24":0,"25":1,"26":1,"27":1,"28":1,"29":1,"30":1,"31":0,"32":1,"33":2,"34":2,"35":2,"36":1,"37":1,"38":1,"39":0,"40":1,"41":0,"42":0,"43":0,"44":0,"45":0,"46":0,"47":0,"48":0,"49":0,"50":1,"51":2,"52":2,"53":2,"54":2,"55":1,"56":1,"57":1,"58":0},"f":{"0":1,"1":1,"2":1,"3":1,"4":1,"5":1,"6":2,"7":0,"8":2},"b":{"0":[1,1],"1":[0,0],"2":[1,1]},"_coverageSchema":"1a1c01bbd47fc00a2c39e90264f33305004495a9","hash":"351abdde9b32c808b1c4d46d996b1185ec73a319"}
,"C:\\Users\\user\\Desktop\\homework3\\homework3\\src\\middlewares\\emailVerification.middleware.js": {"path":"C:\\Users\\user\\Desktop\\homework3\\homework3\\src\\middlewares\\emailVerification.middleware.js","statementMap":{"0":{"start":{"line":14,"column":0},"end":{"line":14,"column":16}},"1":{"start":{"line":16,"column":18},"end":{"line":22,"column":2}},"2":{"start":{"line":24,"column":43},"end":{"line":48,"column":1}},"3":{"start":{"line":25,"column":4},"end":{"line":47,"column":5}},"4":{"start":{"line":26,"column":27},"end":{"line":26,"column":65}},"5":{"start":{"line":27,"column":28},"end":{"line":32,"column":9}},"6":{"start":{"line":34,"column":8},"end":{"line":42,"column":11}},"7":{"start":{"line":35,"column":12},"end":{"line":41,"column":13}},"8":{"start":{"line":36,"column":16},"end":{"line":36,"column":35}},"9":{"start":{"line":37,"column":16},"end":{"line":37,"column":52}},"10":{"start":{"line":39,"column":16},"end":{"line":39,"column":60}},"11":{"start":{"line":40,"column":16},"end":{"line":40,"column":54}},"12":{"start":{"line":43,"column":8},"end":{"line":43,"column":68}},"13":{"start":{"line":45,"column":8},"end":{"line":45,"column":27}},"14":{"start":{"line":46,"column":8},"end":{"line":46,"column":49}}},"fnMap":{"0":{"name":"(anonymous_0)","decl":{"start":{"line":24,"column":43},"end":{"line":24,"column":44}},"loc":{"start":{"line":24,"column":61},"end":{"line":48,"column":1}},"line":24},"1":{"name":"(anonymous_1)","decl":{"start":{"line":34,"column":42},"end":{"line":34,"column":43}},"loc":{"start":{"line":34,"column":59},"end":{"line":42,"column":9}},"line":34}},"branchMap":{"0":{"loc":{"start":{"line":35,"column":12},"end":{"line":41,"column":13}},"type":"if","locations":[{"start":{"line":35,"column":12},"end":{"line":41,"column":13}},{"start":{"line":38,"column":19},"end":{"line":41,"column":13}}],"line":35}},"s":{"0":1,"1":1,"2":1,"3":0,"4":0,"5":0,"6":0,"7":0,"8":0,"9":0,"10":0,"11":0,"12":0,"13":0,"14":0},"f":{"0":0,"1":0},"b":{"0":[0,0]},"_coverageSchema":"1a1c01bbd47fc00a2c39e90264f33305004495a9","hash":"78d397b8cb56b2b62ee992704e52ccb124a44520"}
,"C:\\Users\\user\\Desktop\\homework3\\homework3\\src\\middlewares\\slackBot.js": {"path":"C:\\Users\\user\\Desktop\\homework3\\homework3\\src\\middlewares\\slackBot.js","statementMap":{"0":{"start":{"line":2,"column":14},"end":{"line":2,"column":37}},"1":{"start":{"line":3,"column":16},"end":{"line":3,"column":41}},"2":{"start":{"line":4,"column":17},"end":{"line":4,"column":37}},"3":{"start":{"line":7,"column":29},"end":{"line":17,"column":1}},"4":{"start":{"line":8,"column":4},"end":{"line":16,"column":5}},"5":{"start":{"line":9,"column":24},"end":{"line":9,"column":38}},"6":{"start":{"line":10,"column":8},"end":{"line":13,"column":11}},"7":{"start":{"line":15,"column":8},"end":{"line":15,"column":33}}},"fnMap":{"0":{"name":"(anonymous_0)","decl":{"start":{"line":7,"column":29},"end":{"line":7,"column":30}},"loc":{"start":{"line":7,"column":41},"end":{"line":17,"column":1}},"line":7}},"branchMap":{},"s":{"0":1,"1":1,"2":1,"3":1,"4":6,"5":6,"6":6,"7":6},"f":{"0":6},"b":{},"_coverageSchema":"1a1c01bbd47fc00a2c39e90264f33305004495a9","hash":"15c3ff7d5c908eaf2dc5f02ba1d760e7b2e8534d"}
,"C:\\Users\\user\\Desktop\\homework3\\homework3\\src\\redis\\keys.js": {"path":"C:\\Users\\user\\Desktop\\homework3\\homework3\\src\\redis\\keys.js","statementMap":{"0":{"start":{"line":1,"column":24},"end":{"line":3,"column":3}},"1":{"start":{"line":2,"column":4},"end":{"line":2,"column":37}}},"fnMap":{"0":{"name":"(anonymous_0)","decl":{"start":{"line":1,"column":24},"end":{"line":1,"column":25}},"loc":{"start":{"line":1,"column":36},"end":{"line":3,"column":3}},"line":1}},"branchMap":{},"s":{"0":1,"1":0},"f":{"0":0},"b":{},"_coverageSchema":"1a1c01bbd47fc00a2c39e90264f33305004495a9","hash":"dd04e11550f7500264f6f1a3c37c6546dfd8f18a"}
,"C:\\Users\\user\\Desktop\\homework3\\homework3\\src\\repositories\\posts.repository.js": {"path":"C:\\Users\\user\\Desktop\\homework3\\homework3\\src\\repositories\\posts.repository.js","statementMap":{"0":{"start":{"line":5,"column":8},"end":{"line":5,"column":29}},"1":{"start":{"line":7,"column":21},"end":{"line":23,"column":5}},"2":{"start":{"line":9,"column":31},"end":{"line":9,"column":33}},"3":{"start":{"line":10,"column":8},"end":{"line":10,"column":48}},"4":{"start":{"line":11,"column":24},"end":{"line":20,"column":10}},"5":{"start":{"line":22,"column":8},"end":{"line":22,"column":23}},"6":{"start":{"line":26,"column":21},"end":{"line":36,"column":5}},"7":{"start":{"line":28,"column":24},"end":{"line":33,"column":10}},"8":{"start":{"line":35,"column":8},"end":{"line":35,"column":23}},"9":{"start":{"line":38,"column":19},"end":{"line":49,"column":5}},"10":{"start":{"line":40,"column":30},"end":{"line":46,"column":10}},"11":{"start":{"line":48,"column":8},"end":{"line":48,"column":28}},"12":{"start":{"line":51,"column":19},"end":{"line":76,"column":5}},"13":{"start":{"line":52,"column":8},"end":{"line":75,"column":11}},"14":{"start":{"line":53,"column":12},"end":{"line":60,"column":15}},"15":{"start":{"line":62,"column":12},"end":{"line":72,"column":13}},"16":{"start":{"line":63,"column":16},"end":{"line":71,"column":19}},"17":{"start":{"line":64,"column":16},"end":{"line":71,"column":19}},"18":{"start":{"line":78,"column":19},"end":{"line":87,"column":5}},"19":{"start":{"line":80,"column":30},"end":{"line":84,"column":10}},"20":{"start":{"line":86,"column":8},"end":{"line":86,"column":29}},"21":{"start":{"line":92,"column":20},"end":{"line":94,"column":5}},"22":{"start":{"line":93,"column":8},"end":{"line":93,"column":51}},"23":{"start":{"line":100,"column":30},"end":{"line":125,"column":1}},"24":{"start":{"line":101,"column":4},"end":{"line":124,"column":7}},"25":{"start":{"line":102,"column":8},"end":{"line":109,"column":11}},"26":{"start":{"line":111,"column":8},"end":{"line":121,"column":9}},"27":{"start":{"line":112,"column":12},"end":{"line":120,"column":15}},"28":{"start":{"line":113,"column":12},"end":{"line":120,"column":15}},"29":{"start":{"line":128,"column":24},"end":{"line":132,"column":5}},"30":{"start":{"line":129,"column":8},"end":{"line":131,"column":11}}},"fnMap":{"0":{"name":"(anonymous_0)","decl":{"start":{"line":4,"column":4},"end":{"line":4,"column":5}},"loc":{"start":{"line":4,"column":23},"end":{"line":6,"column":5}},"line":4},"1":{"name":"(anonymous_1)","decl":{"start":{"line":7,"column":21},"end":{"line":7,"column":22}},"loc":{"start":{"line":7,"column":73},"end":{"line":23,"column":5}},"line":7},"2":{"name":"(anonymous_2)","decl":{"start":{"line":26,"column":21},"end":{"line":26,"column":22}},"loc":{"start":{"line":26,"column":41},"end":{"line":36,"column":5}},"line":26},"3":{"name":"(anonymous_3)","decl":{"start":{"line":38,"column":19},"end":{"line":38,"column":20}},"loc":{"start":{"line":38,"column":53},"end":{"line":49,"column":5}},"line":38},"4":{"name":"(anonymous_4)","decl":{"start":{"line":51,"column":19},"end":{"line":51,"column":20}},"loc":{"start":{"line":51,"column":60},"end":{"line":76,"column":5}},"line":51},"5":{"name":"(anonymous_5)","decl":{"start":{"line":52,"column":34},"end":{"line":52,"column":35}},"loc":{"start":{"line":52,"column":47},"end":{"line":73,"column":9}},"line":52},"6":{"name":"(anonymous_6)","decl":{"start":{"line":78,"column":19},"end":{"line":78,"column":20}},"loc":{"start":{"line":78,"column":39},"end":{"line":87,"column":5}},"line":78},"7":{"name":"(anonymous_7)","decl":{"start":{"line":92,"column":20},"end":{"line":92,"column":21}},"loc":{"start":{"line":92,"column":31},"end":{"line":94,"column":5}},"line":92},"8":{"name":"(anonymous_8)","decl":{"start":{"line":100,"column":30},"end":{"line":100,"column":31}},"loc":{"start":{"line":100,"column":74},"end":{"line":125,"column":1}},"line":100},"9":{"name":"(anonymous_9)","decl":{"start":{"line":101,"column":35},"end":{"line":101,"column":36}},"loc":{"start":{"line":101,"column":48},"end":{"line":122,"column":5}},"line":101},"10":{"name":"(anonymous_10)","decl":{"start":{"line":128,"column":24},"end":{"line":128,"column":25}},"loc":{"start":{"line":128,"column":44},"end":{"line":132,"column":5}},"line":128}},"branchMap":{"0":{"loc":{"start":{"line":7,"column":27},"end":{"line":7,"column":49}},"type":"default-arg","locations":[{"start":{"line":7,"column":38},"end":{"line":7,"column":49}}],"line":7},"1":{"loc":{"start":{"line":7,"column":51},"end":{"line":7,"column":68}},"type":"default-arg","locations":[{"start":{"line":7,"column":62},"end":{"line":7,"column":68}}],"line":7},"2":{"loc":{"start":{"line":63,"column":16},"end":{"line":71,"column":19}},"type":"if","locations":[{"start":{"line":63,"column":16},"end":{"line":71,"column":19}},{"start":{},"end":{}}],"line":63},"3":{"loc":{"start":{"line":112,"column":12},"end":{"line":120,"column":15}},"type":"if","locations":[{"start":{"line":112,"column":12},"end":{"line":120,"column":15}},{"start":{},"end":{}}],"line":112}},"s":{"0":1,"1":1,"2":1,"3":1,"4":1,"5":1,"6":1,"7":1,"8":1,"9":1,"10":1,"11":1,"12":1,"13":1,"14":0,"15":0,"16":0,"17":0,"18":1,"19":1,"20":1,"21":1,"22":1,"23":1,"24":1,"25":1,"26":1,"27":2,"28":2,"29":1,"30":1},"f":{"0":1,"1":1,"2":1,"3":1,"4":1,"5":0,"6":1,"7":1,"8":1,"9":1,"10":1},"b":{"0":[0],"1":[0],"2":[0,0],"3":[2,0]},"_coverageSchema":"1a1c01bbd47fc00a2c39e90264f33305004495a9","hash":"bef80d899403b025bda420466e78500a48b10ea7"}
,"C:\\Users\\user\\Desktop\\homework3\\homework3\\src\\repositories\\users.repository.js": {"path":"C:\\Users\\user\\Desktop\\homework3\\homework3\\src\\repositories\\users.repository.js","statementMap":{"0":{"start":{"line":7,"column":8},"end":{"line":7,"column":29}},"1":{"start":{"line":8,"column":8},"end":{"line":8,"column":39}},"2":{"start":{"line":10,"column":23},"end":{"line":14,"column":5}},"3":{"start":{"line":11,"column":8},"end":{"line":13,"column":11}},"4":{"start":{"line":15,"column":21},"end":{"line":38,"column":5}},"5":{"start":{"line":16,"column":22},"end":{"line":16,"column":65}},"6":{"start":{"line":17,"column":33},"end":{"line":37,"column":10}},"7":{"start":{"line":18,"column":25},"end":{"line":26,"column":14}},"8":{"start":{"line":27,"column":29},"end":{"line":32,"column":14}},"9":{"start":{"line":33,"column":12},"end":{"line":33,"column":60}},"10":{"start":{"line":34,"column":12},"end":{"line":34,"column":36}},"11":{"start":{"line":41,"column":35},"end":{"line":46,"column":5}},"12":{"start":{"line":42,"column":8},"end":{"line":45,"column":11}},"13":{"start":{"line":48,"column":18},"end":{"line":67,"column":5}},"14":{"start":{"line":49,"column":8},"end":{"line":66,"column":11}},"15":{"start":{"line":50,"column":25},"end":{"line":57,"column":14}},"16":{"start":{"line":58,"column":12},"end":{"line":63,"column":15}},"17":{"start":{"line":70,"column":18},"end":{"line":85,"column":5}},"18":{"start":{"line":71,"column":8},"end":{"line":84,"column":11}},"19":{"start":{"line":87,"column":23},"end":{"line":91,"column":5}},"20":{"start":{"line":88,"column":8},"end":{"line":90,"column":11}},"21":{"start":{"line":93,"column":37},"end":{"line":114,"column":5}},"22":{"start":{"line":94,"column":8},"end":{"line":113,"column":11}},"23":{"start":{"line":95,"column":12},"end":{"line":98,"column":15}},"24":{"start":{"line":100,"column":12},"end":{"line":110,"column":13}},"25":{"start":{"line":101,"column":16},"end":{"line":109,"column":23}},"26":{"start":{"line":102,"column":20},"end":{"line":109,"column":23}},"27":{"start":{"line":116,"column":16},"end":{"line":118,"column":5}},"28":{"start":{"line":117,"column":8},"end":{"line":117,"column":78}},"29":{"start":{"line":120,"column":15},"end":{"line":130,"column":5}},"30":{"start":{"line":121,"column":8},"end":{"line":129,"column":10}},"31":{"start":{"line":122,"column":12},"end":{"line":128,"column":14}},"32":{"start":{"line":123,"column":16},"end":{"line":127,"column":17}},"33":{"start":{"line":124,"column":20},"end":{"line":124,"column":32}},"34":{"start":{"line":126,"column":20},"end":{"line":126,"column":34}}},"fnMap":{"0":{"name":"(anonymous_0)","decl":{"start":{"line":6,"column":4},"end":{"line":6,"column":5}},"loc":{"start":{"line":6,"column":36},"end":{"line":9,"column":5}},"line":6},"1":{"name":"(anonymous_1)","decl":{"start":{"line":10,"column":23},"end":{"line":10,"column":24}},"loc":{"start":{"line":10,"column":40},"end":{"line":14,"column":5}},"line":10},"2":{"name":"(anonymous_2)","decl":{"start":{"line":15,"column":21},"end":{"line":15,"column":22}},"loc":{"start":{"line":15,"column":60},"end":{"line":38,"column":5}},"line":15},"3":{"name":"(anonymous_3)","decl":{"start":{"line":17,"column":64},"end":{"line":17,"column":65}},"loc":{"start":{"line":17,"column":77},"end":{"line":35,"column":9}},"line":17},"4":{"name":"(anonymous_4)","decl":{"start":{"line":41,"column":35},"end":{"line":41,"column":36}},"loc":{"start":{"line":41,"column":53},"end":{"line":46,"column":5}},"line":41},"5":{"name":"(anonymous_5)","decl":{"start":{"line":48,"column":18},"end":{"line":48,"column":19}},"loc":{"start":{"line":48,"column":57},"end":{"line":67,"column":5}},"line":48},"6":{"name":"(anonymous_6)","decl":{"start":{"line":49,"column":39},"end":{"line":49,"column":40}},"loc":{"start":{"line":49,"column":52},"end":{"line":64,"column":9}},"line":49},"7":{"name":"(anonymous_7)","decl":{"start":{"line":70,"column":18},"end":{"line":70,"column":19}},"loc":{"start":{"line":70,"column":36},"end":{"line":85,"column":5}},"line":70},"8":{"name":"(anonymous_8)","decl":{"start":{"line":87,"column":23},"end":{"line":87,"column":24}},"loc":{"start":{"line":87,"column":41},"end":{"line":91,"column":5}},"line":87},"9":{"name":"(anonymous_9)","decl":{"start":{"line":93,"column":37},"end":{"line":93,"column":38}},"loc":{"start":{"line":93,"column":78},"end":{"line":114,"column":5}},"line":93},"10":{"name":"(anonymous_10)","decl":{"start":{"line":94,"column":39},"end":{"line":94,"column":40}},"loc":{"start":{"line":94,"column":52},"end":{"line":111,"column":9}},"line":94},"11":{"name":"(anonymous_11)","decl":{"start":{"line":116,"column":16},"end":{"line":116,"column":17}},"loc":{"start":{"line":116,"column":48},"end":{"line":118,"column":5}},"line":116},"12":{"name":"(anonymous_12)","decl":{"start":{"line":120,"column":15},"end":{"line":120,"column":16}},"loc":{"start":{"line":120,"column":33},"end":{"line":130,"column":5}},"line":120},"13":{"name":"(anonymous_13)","decl":{"start":{"line":121,"column":27},"end":{"line":121,"column":28}},"loc":{"start":{"line":121,"column":48},"end":{"line":129,"column":9}},"line":121},"14":{"name":"(anonymous_14)","decl":{"start":{"line":122,"column":61},"end":{"line":122,"column":62}},"loc":{"start":{"line":122,"column":76},"end":{"line":128,"column":13}},"line":122}},"branchMap":{"0":{"loc":{"start":{"line":101,"column":16},"end":{"line":109,"column":23}},"type":"if","locations":[{"start":{"line":101,"column":16},"end":{"line":109,"column":23}},{"start":{},"end":{}}],"line":101},"1":{"loc":{"start":{"line":123,"column":16},"end":{"line":127,"column":17}},"type":"if","locations":[{"start":{"line":123,"column":16},"end":{"line":127,"column":17}},{"start":{"line":125,"column":22},"end":{"line":127,"column":17}}],"line":123}},"s":{"0":1,"1":1,"2":1,"3":0,"4":1,"5":0,"6":0,"7":0,"8":0,"9":0,"10":0,"11":1,"12":0,"13":1,"14":0,"15":0,"16":0,"17":1,"18":0,"19":1,"20":0,"21":1,"22":0,"23":0,"24":0,"25":0,"26":0,"27":1,"28":0,"29":1,"30":0,"31":0,"32":0,"33":0,"34":0},"f":{"0":1,"1":0,"2":0,"3":0,"4":0,"5":0,"6":0,"7":0,"8":0,"9":0,"10":0,"11":0,"12":0,"13":0,"14":0},"b":{"0":[0,0],"1":[0,0]},"_coverageSchema":"1a1c01bbd47fc00a2c39e90264f33305004495a9","hash":"a3fe101439b447762c7cb9ec224ccd200e2c9467"}
,"C:\\Users\\user\\Desktop\\homework3\\homework3\\src\\services\\resumes.service.js": {"path":"C:\\Users\\user\\Desktop\\homework3\\homework3\\src\\services\\resumes.service.js","statementMap":{"0":{"start":{"line":5,"column":8},"end":{"line":5,"column":48}},"1":{"start":{"line":8,"column":21},"end":{"line":31,"column":5}},"2":{"start":{"line":9,"column":8},"end":{"line":9,"column":66}},"3":{"start":{"line":9,"column":39},"end":{"line":9,"column":64}},"4":{"start":{"line":11,"column":24},"end":{"line":11,"column":88}},"5":{"start":{"line":14,"column":8},"end":{"line":18,"column":9}},"6":{"start":{"line":15,"column":12},"end":{"line":15,"column":34}},"7":{"start":{"line":17,"column":12},"end":{"line":17,"column":22}},"8":{"start":{"line":20,"column":8},"end":{"line":30,"column":11}},"9":{"start":{"line":21,"column":12},"end":{"line":29,"column":13}},"10":{"start":{"line":33,"column":21},"end":{"line":52,"column":5}},"11":{"start":{"line":35,"column":8},"end":{"line":35,"column":66}},"12":{"start":{"line":35,"column":39},"end":{"line":35,"column":64}},"13":{"start":{"line":37,"column":23},"end":{"line":37,"column":75}},"14":{"start":{"line":38,"column":8},"end":{"line":42,"column":9}},"15":{"start":{"line":39,"column":12},"end":{"line":39,"column":34}},"16":{"start":{"line":41,"column":12},"end":{"line":41,"column":22}},"17":{"start":{"line":43,"column":8},"end":{"line":51,"column":9}},"18":{"start":{"line":55,"column":19},"end":{"line":79,"column":1}},"19":{"start":{"line":57,"column":8},"end":{"line":57,"column":66}},"20":{"start":{"line":57,"column":39},"end":{"line":57,"column":64}},"21":{"start":{"line":59,"column":30},"end":{"line":63,"column":9}},"22":{"start":{"line":65,"column":8},"end":{"line":69,"column":9}},"23":{"start":{"line":66,"column":12},"end":{"line":66,"column":34}},"24":{"start":{"line":68,"column":12},"end":{"line":68,"column":22}},"25":{"start":{"line":71,"column":8},"end":{"line":78,"column":9}},"26":{"start":{"line":82,"column":19},"end":{"line":102,"column":1}},"27":{"start":{"line":84,"column":8},"end":{"line":84,"column":66}},"28":{"start":{"line":84,"column":39},"end":{"line":84,"column":64}},"29":{"start":{"line":86,"column":23},"end":{"line":86,"column":75}},"30":{"start":{"line":88,"column":8},"end":{"line":90,"column":9}},"31":{"start":{"line":89,"column":12},"end":{"line":89,"column":48}},"32":{"start":{"line":92,"column":8},"end":{"line":94,"column":9}},"33":{"start":{"line":93,"column":12},"end":{"line":93,"column":56}},"34":{"start":{"line":96,"column":8},"end":{"line":96,"column":79}},"35":{"start":{"line":97,"column":8},"end":{"line":101,"column":9}},"36":{"start":{"line":98,"column":12},"end":{"line":98,"column":34}},"37":{"start":{"line":100,"column":12},"end":{"line":100,"column":22}},"38":{"start":{"line":106,"column":19},"end":{"line":128,"column":5}},"39":{"start":{"line":108,"column":8},"end":{"line":108,"column":66}},"40":{"start":{"line":108,"column":39},"end":{"line":108,"column":64}},"41":{"start":{"line":110,"column":23},"end":{"line":110,"column":75}},"42":{"start":{"line":111,"column":8},"end":{"line":111,"column":55}},"43":{"start":{"line":111,"column":20},"end":{"line":111,"column":55}},"44":{"start":{"line":112,"column":27},"end":{"line":119,"column":9}},"45":{"start":{"line":121,"column":8},"end":{"line":121,"column":59}},"46":{"start":{"line":122,"column":8},"end":{"line":126,"column":9}},"47":{"start":{"line":123,"column":12},"end":{"line":123,"column":34}},"48":{"start":{"line":125,"column":12},"end":{"line":125,"column":22}},"49":{"start":{"line":127,"column":8},"end":{"line":127,"column":26}},"50":{"start":{"line":131,"column":20},"end":{"line":139,"column":5}},"51":{"start":{"line":132,"column":8},"end":{"line":132,"column":66}},"52":{"start":{"line":132,"column":39},"end":{"line":132,"column":64}},"53":{"start":{"line":133,"column":8},"end":{"line":137,"column":9}},"54":{"start":{"line":134,"column":12},"end":{"line":134,"column":34}},"55":{"start":{"line":136,"column":12},"end":{"line":136,"column":22}},"56":{"start":{"line":138,"column":8},"end":{"line":138,"column":59}},"57":{"start":{"line":147,"column":24},"end":{"line":162,"column":1}},"58":{"start":{"line":148,"column":8},"end":{"line":148,"column":66}},"59":{"start":{"line":148,"column":39},"end":{"line":148,"column":64}},"60":{"start":{"line":150,"column":23},"end":{"line":150,"column":75}},"61":{"start":{"line":152,"column":8},"end":{"line":154,"column":9}},"62":{"start":{"line":153,"column":8},"end":{"line":153,"column":44}},"63":{"start":{"line":156,"column":8},"end":{"line":156,"column":91}},"64":{"start":{"line":157,"column":8},"end":{"line":161,"column":9}},"65":{"start":{"line":158,"column":12},"end":{"line":158,"column":34}},"66":{"start":{"line":160,"column":12},"end":{"line":160,"column":22}},"67":{"start":{"line":167,"column":24},"end":{"line":182,"column":5}},"68":{"start":{"line":168,"column":8},"end":{"line":168,"column":66}},"69":{"start":{"line":168,"column":39},"end":{"line":168,"column":64}},"70":{"start":{"line":170,"column":23},"end":{"line":170,"column":75}},"71":{"start":{"line":172,"column":8},"end":{"line":174,"column":9}},"72":{"start":{"line":173,"column":12},"end":{"line":173,"column":48}},"73":{"start":{"line":176,"column":8},"end":{"line":176,"column":64}},"74":{"start":{"line":177,"column":8},"end":{"line":181,"column":9}},"75":{"start":{"line":178,"column":12},"end":{"line":178,"column":34}},"76":{"start":{"line":180,"column":12},"end":{"line":180,"column":22}}},"fnMap":{"0":{"name":"(anonymous_0)","decl":{"start":{"line":4,"column":4},"end":{"line":4,"column":5}},"loc":{"start":{"line":4,"column":33},"end":{"line":6,"column":5}},"line":4},"1":{"name":"(anonymous_1)","decl":{"start":{"line":8,"column":21},"end":{"line":8,"column":22}},"loc":{"start":{"line":8,"column":52},"end":{"line":31,"column":5}},"line":8},"2":{"name":"(anonymous_2)","decl":{"start":{"line":9,"column":26},"end":{"line":9,"column":27}},"loc":{"start":{"line":9,"column":39},"end":{"line":9,"column":64}},"line":9},"3":{"name":"(anonymous_3)","decl":{"start":{"line":20,"column":27},"end":{"line":20,"column":28}},"loc":{"start":{"line":20,"column":39},"end":{"line":30,"column":9}},"line":20},"4":{"name":"(anonymous_4)","decl":{"start":{"line":33,"column":21},"end":{"line":33,"column":22}},"loc":{"start":{"line":33,"column":41},"end":{"line":52,"column":5}},"line":33},"5":{"name":"(anonymous_5)","decl":{"start":{"line":35,"column":26},"end":{"line":35,"column":27}},"loc":{"start":{"line":35,"column":39},"end":{"line":35,"column":64}},"line":35},"6":{"name":"(anonymous_6)","decl":{"start":{"line":55,"column":19},"end":{"line":55,"column":20}},"loc":{"start":{"line":55,"column":52},"end":{"line":79,"column":1}},"line":55},"7":{"name":"(anonymous_7)","decl":{"start":{"line":57,"column":26},"end":{"line":57,"column":27}},"loc":{"start":{"line":57,"column":39},"end":{"line":57,"column":64}},"line":57},"8":{"name":"(anonymous_8)","decl":{"start":{"line":82,"column":19},"end":{"line":82,"column":20}},"loc":{"start":{"line":82,"column":60},"end":{"line":102,"column":1}},"line":82},"9":{"name":"(anonymous_9)","decl":{"start":{"line":84,"column":26},"end":{"line":84,"column":27}},"loc":{"start":{"line":84,"column":39},"end":{"line":84,"column":64}},"line":84},"10":{"name":"(anonymous_10)","decl":{"start":{"line":106,"column":19},"end":{"line":106,"column":20}},"loc":{"start":{"line":106,"column":39},"end":{"line":128,"column":5}},"line":106},"11":{"name":"(anonymous_11)","decl":{"start":{"line":108,"column":26},"end":{"line":108,"column":27}},"loc":{"start":{"line":108,"column":39},"end":{"line":108,"column":64}},"line":108},"12":{"name":"(anonymous_12)","decl":{"start":{"line":131,"column":20},"end":{"line":131,"column":21}},"loc":{"start":{"line":131,"column":32},"end":{"line":139,"column":5}},"line":131},"13":{"name":"(anonymous_13)","decl":{"start":{"line":132,"column":26},"end":{"line":132,"column":27}},"loc":{"start":{"line":132,"column":39},"end":{"line":132,"column":64}},"line":132},"14":{"name":"(anonymous_14)","decl":{"start":{"line":147,"column":24},"end":{"line":147,"column":25}},"loc":{"start":{"line":147,"column":57},"end":{"line":162,"column":1}},"line":147},"15":{"name":"(anonymous_15)","decl":{"start":{"line":148,"column":26},"end":{"line":148,"column":27}},"loc":{"start":{"line":148,"column":39},"end":{"line":148,"column":64}},"line":148},"16":{"name":"(anonymous_16)","decl":{"start":{"line":167,"column":24},"end":{"line":167,"column":25}},"loc":{"start":{"line":167,"column":44},"end":{"line":182,"column":5}},"line":167},"17":{"name":"(anonymous_17)","decl":{"start":{"line":168,"column":26},"end":{"line":168,"column":27}},"loc":{"start":{"line":168,"column":39},"end":{"line":168,"column":64}},"line":168}},"branchMap":{"0":{"loc":{"start":{"line":88,"column":8},"end":{"line":90,"column":9}},"type":"if","locations":[{"start":{"line":88,"column":8},"end":{"line":90,"column":9}},{"start":{},"end":{}}],"line":88},"1":{"loc":{"start":{"line":92,"column":8},"end":{"line":94,"column":9}},"type":"if","locations":[{"start":{"line":92,"column":8},"end":{"line":94,"column":9}},{"start":{},"end":{}}],"line":92},"2":{"loc":{"start":{"line":111,"column":8},"end":{"line":111,"column":55}},"type":"if","locations":[{"start":{"line":111,"column":8},"end":{"line":111,"column":55}},{"start":{},"end":{}}],"line":111},"3":{"loc":{"start":{"line":152,"column":8},"end":{"line":154,"column":9}},"type":"if","locations":[{"start":{"line":152,"column":8},"end":{"line":154,"column":9}},{"start":{},"end":{}}],"line":152},"4":{"loc":{"start":{"line":172,"column":8},"end":{"line":174,"column":9}},"type":"if","locations":[{"start":{"line":172,"column":8},"end":{"line":174,"column":9}},{"start":{},"end":{}}],"line":172}},"s":{"0":1,"1":1,"2":1,"3":1,"4":1,"5":1,"6":1,"7":0,"8":1,"9":1,"10":1,"11":1,"12":1,"13":1,"14":1,"15":1,"16":0,"17":1,"18":1,"19":1,"20":1,"21":1,"22":1,"23":1,"24":0,"25":1,"26":1,"27":0,"28":0,"29":0,"30":0,"31":0,"32":0,"33":0,"34":0,"35":0,"36":0,"37":0,"38":1,"39":1,"40":1,"41":1,"42":1,"43":0,"44":1,"45":0,"46":0,"47":0,"48":0,"49":0,"50":1,"51":1,"52":1,"53":1,"54":1,"55":0,"56":1,"57":1,"58":1,"59":1,"60":1,"61":1,"62":0,"63":1,"64":1,"65":1,"66":0,"67":1,"68":1,"69":1,"70":1,"71":1,"72":0,"73":1,"74":1,"75":1,"76":0},"f":{"0":1,"1":1,"2":1,"3":1,"4":1,"5":1,"6":1,"7":1,"8":0,"9":0,"10":1,"11":1,"12":1,"13":1,"14":1,"15":1,"16":1,"17":1},"b":{"0":[0,0],"1":[0,0],"2":[0,1],"3":[0,1],"4":[0,1]},"_coverageSchema":"1a1c01bbd47fc00a2c39e90264f33305004495a9","hash":"ed49d8f029541d0ae0bcbed2a6b380ed75e3fc3c"}
,"C:\\Users\\user\\Desktop\\homework3\\homework3\\src\\utils\\prisma\\index.js": {"path":"C:\\Users\\user\\Desktop\\homework3\\homework3\\src\\utils\\prisma\\index.js","statementMap":{"0":{"start":{"line":5,"column":22},"end":{"line":11,"column":2}}},"fnMap":{},"branchMap":{},"s":{"0":1},"f":{},"b":{},"_coverageSchema":"1a1c01bbd47fc00a2c39e90264f33305004495a9","hash":"b058ed64daad28d2b4aa2139068e5df26fbf5476"}
}
