TN:
SF:src\controllers\resumes.controller.js
FN:3,(anonymous_0)
FN:7,(anonymous_1)
FN:19,(anonymous_2)
FN:31,(anonymous_3)
FN:48,(anonymous_4)
FN:62,(anonymous_5)
FN:79,(anonymous_6)
FN:97,(anonymous_7)
FN:116,(anonymous_8)
FNF:9
FNH:8
FNDA:1,(anonymous_0)
FNDA:1,(anonymous_1)
FNDA:1,(anonymous_2)
FNDA:1,(anonymous_3)
FNDA:1,(anonymous_4)
FNDA:1,(anonymous_5)
FNDA:2,(anonymous_6)
FNDA:0,(anonymous_7)
FNDA:2,(anonymous_8)
DA:4,1
DA:7,1
DA:8,1
DA:9,1
DA:11,1
DA:13,0
DA:19,1
DA:20,1
DA:21,1
DA:22,1
DA:23,1
DA:26,0
DA:31,1
DA:32,1
DA:33,1
DA:35,1
DA:40,0
DA:42,1
DA:48,1
DA:49,1
DA:50,1
DA:51,1
DA:52,1
DA:54,1
DA:56,0
DA:58,1
DA:62,1
DA:63,1
DA:64,1
DA:68,1
DA:70,1
DA:73,0
DA:79,1
DA:80,2
DA:81,2
DA:83,2
DA:84,1
DA:87,1
DA:89,1
DA:91,0
DA:97,1
DA:98,0
DA:99,0
DA:100,0
DA:101,0
DA:103,0
DA:104,0
DA:107,0
DA:109,0
DA:111,0
DA:116,1
DA:117,2
DA:118,2
DA:119,2
DA:121,2
DA:122,1
DA:125,1
DA:127,1
DA:129,0
LF:59
LH:43
BRDA:83,0,0,1
BRDA:83,0,1,1
BRDA:103,1,0,0
BRDA:103,1,1,0
BRDA:121,2,0,1
BRDA:121,2,1,1
BRF:6
BRH:4
end_of_record
TN:
SF:src\middlewares\emailVerification.middleware.js
FN:24,(anonymous_0)
FN:34,(anonymous_1)
FNF:2
FNH:0
FNDA:0,(anonymous_0)
FNDA:0,(anonymous_1)
DA:14,1
DA:16,1
DA:24,1
DA:25,0
DA:26,0
DA:27,0
DA:34,0
DA:35,0
DA:36,0
DA:37,0
DA:39,0
DA:40,0
DA:43,0
DA:45,0
DA:46,0
LF:15
LH:3
BRDA:35,0,0,0
BRDA:35,0,1,0
BRF:2
BRH:0
end_of_record
TN:
SF:src\middlewares\slackBot.js
FN:7,(anonymous_0)
FNF:1
FNH:1
FNDA:6,(anonymous_0)
DA:2,1
DA:3,1
DA:4,1
DA:7,1
DA:8,6
DA:9,6
DA:10,6
DA:15,6
LF:8
LH:8
BRF:0
BRH:0
end_of_record
TN:
SF:src\redis\keys.js
FN:1,(anonymous_0)
FNF:1
FNH:0
FNDA:0,(anonymous_0)
DA:1,1
DA:2,0
LF:2
LH:1
BRF:0
BRH:0
end_of_record
TN:
SF:src\repositories\posts.repository.js
FN:4,(anonymous_0)
FN:7,(anonymous_1)
FN:26,(anonymous_2)
FN:38,(anonymous_3)
FN:51,(anonymous_4)
FN:52,(anonymous_5)
FN:78,(anonymous_6)
FN:92,(anonymous_7)
FN:100,(anonymous_8)
FN:101,(anonymous_9)
FN:128,(anonymous_10)
FNF:11
FNH:10
FNDA:1,(anonymous_0)
FNDA:1,(anonymous_1)
FNDA:1,(anonymous_2)
FNDA:1,(anonymous_3)
FNDA:1,(anonymous_4)
FNDA:0,(anonymous_5)
FNDA:1,(anonymous_6)
FNDA:1,(anonymous_7)
FNDA:1,(anonymous_8)
FNDA:1,(anonymous_9)
FNDA:1,(anonymous_10)
DA:5,1
DA:7,1
DA:9,1
DA:10,1
DA:11,1
DA:22,1
DA:26,1
DA:28,1
DA:35,1
DA:38,1
DA:40,1
DA:48,1
DA:51,1
DA:52,1
DA:53,0
DA:62,0
DA:63,0
DA:64,0
DA:78,1
DA:80,1
DA:86,1
DA:92,1
DA:93,1
DA:100,1
DA:101,1
DA:102,1
DA:111,1
DA:112,2
DA:113,2
DA:128,1
DA:129,1
LF:31
LH:27
BRDA:7,0,0,0
BRDA:7,1,0,0
BRDA:63,2,0,0
BRDA:63,2,1,0
BRDA:112,3,0,2
BRDA:112,3,1,0
BRF:6
BRH:1
end_of_record
TN:
SF:src\repositories\users.repository.js
FN:6,(anonymous_0)
FN:10,(anonymous_1)
FN:15,(anonymous_2)
FN:17,(anonymous_3)
FN:41,(anonymous_4)
FN:48,(anonymous_5)
FN:49,(anonymous_6)
FN:70,(anonymous_7)
FN:87,(anonymous_8)
FN:93,(anonymous_9)
FN:94,(anonymous_10)
FN:116,(anonymous_11)
FN:120,(anonymous_12)
FN:121,(anonymous_13)
FN:122,(anonymous_14)
FNF:15
FNH:1
FNDA:1,(anonymous_0)
FNDA:0,(anonymous_1)
FNDA:0,(anonymous_2)
FNDA:0,(anonymous_3)
FNDA:0,(anonymous_4)
FNDA:0,(anonymous_5)
FNDA:0,(anonymous_6)
FNDA:0,(anonymous_7)
FNDA:0,(anonymous_8)
FNDA:0,(anonymous_9)
FNDA:0,(anonymous_10)
FNDA:0,(anonymous_11)
FNDA:0,(anonymous_12)
FNDA:0,(anonymous_13)
FNDA:0,(anonymous_14)
DA:7,1
DA:8,1
DA:10,1
DA:11,0
DA:15,1
DA:16,0
DA:17,0
DA:18,0
DA:27,0
DA:33,0
DA:34,0
DA:41,1
DA:42,0
DA:48,1
DA:49,0
DA:50,0
DA:58,0
DA:70,1
DA:71,0
DA:87,1
DA:88,0
DA:93,1
DA:94,0
DA:95,0
DA:100,0
DA:101,0
DA:102,0
DA:116,1
DA:117,0
DA:120,1
DA:121,0
DA:122,0
DA:123,0
DA:124,0
DA:126,0
LF:35
LH:11
BRDA:101,0,0,0
BRDA:101,0,1,0
BRDA:123,1,0,0
BRDA:123,1,1,0
BRF:4
BRH:0
end_of_record
TN:
SF:src\services\resumes.service.js
FN:4,(anonymous_0)
FN:8,(anonymous_1)
FN:9,(anonymous_2)
FN:20,(anonymous_3)
FN:33,(anonymous_4)
FN:35,(anonymous_5)
FN:55,(anonymous_6)
FN:57,(anonymous_7)
FN:82,(anonymous_8)
FN:84,(anonymous_9)
FN:106,(anonymous_10)
FN:108,(anonymous_11)
FN:131,(anonymous_12)
FN:132,(anonymous_13)
FN:147,(anonymous_14)
FN:148,(anonymous_15)
FN:167,(anonymous_16)
FN:168,(anonymous_17)
FNF:18
FNH:16
FNDA:1,(anonymous_0)
FNDA:1,(anonymous_1)
FNDA:1,(anonymous_2)
FNDA:1,(anonymous_3)
FNDA:1,(anonymous_4)
FNDA:1,(anonymous_5)
FNDA:1,(anonymous_6)
FNDA:1,(anonymous_7)
FNDA:0,(anonymous_8)
FNDA:0,(anonymous_9)
FNDA:1,(anonymous_10)
FNDA:1,(anonymous_11)
FNDA:1,(anonymous_12)
FNDA:1,(anonymous_13)
FNDA:1,(anonymous_14)
FNDA:1,(anonymous_15)
FNDA:1,(anonymous_16)
FNDA:1,(anonymous_17)
DA:5,1
DA:8,1
DA:9,1
DA:11,1
DA:14,1
DA:15,1
DA:17,0
DA:20,1
DA:21,1
DA:33,1
DA:35,1
DA:37,1
DA:38,1
DA:39,1
DA:41,0
DA:43,1
DA:55,1
DA:57,1
DA:59,1
DA:65,1
DA:66,1
DA:68,0
DA:71,1
DA:82,1
DA:84,0
DA:86,0
DA:88,0
DA:89,0
DA:92,0
DA:93,0
DA:96,0
DA:97,0
DA:98,0
DA:100,0
DA:106,1
DA:108,1
DA:110,1
DA:111,1
DA:112,1
DA:121,0
DA:122,0
DA:123,0
DA:125,0
DA:127,0
DA:131,1
DA:132,1
DA:133,1
DA:134,1
DA:136,0
DA:138,1
DA:147,1
DA:148,1
DA:150,1
DA:152,1
DA:153,0
DA:156,1
DA:157,1
DA:158,1
DA:160,0
DA:167,1
DA:168,1
DA:170,1
DA:172,1
DA:173,0
DA:176,1
DA:177,1
DA:178,1
DA:180,0
LF:68
LH:45
BRDA:88,0,0,0
BRDA:88,0,1,0
BRDA:92,1,0,0
BRDA:92,1,1,0
BRDA:111,2,0,0
BRDA:111,2,1,1
BRDA:152,3,0,0
BRDA:152,3,1,1
BRDA:172,4,0,0
BRDA:172,4,1,1
BRF:10
BRH:3
end_of_record
TN:
SF:src\utils\prisma\index.js
FNF:0
FNH:0
DA:5,1
LF:1
LH:1
BRF:0
BRH:0
end_of_record
